<?xml version="1.0" encoding="UTF-8"?>
<testng-results ignored="0" total="1" passed="1" failed="0" skipped="0">
  <reporter-output>
  </reporter-output>
  <suite started-at="2023-02-10T11:52:24 IST" name="Default suite" finished-at="2023-02-10T11:52:24 IST" duration-ms="54">
    <groups>
    </groups>
    <test started-at="2023-02-10T11:52:24 IST" name="Default test" finished-at="2023-02-10T11:52:24 IST" duration-ms="54">
      <class name="testNG.Parameterization">
        <test-method signature="printName(java.lang.String)[pri:0, instance:testNG.Parameterization@6497b078]" started-at="2023-02-10T11:52:24 IST" name="printName" finished-at="2023-02-10T11:52:24 IST" duration-ms="9" status="PASS">
          <params>
            <param index="0">
              <value>
                <![CDATA[Dinesh kumar]]>
              </value>
            </param>
          </params>
          <reporter-output>
          </reporter-output>
        </test-method> <!-- printName -->
      </class> <!-- testNG.Parameterization -->
    </test> <!-- Default test -->
  </suite> <!-- Default suite -->
</testng-results>
